2025-08-13 12:29:03 | [INFO    ] | root | Built query:	from:grok filter:replies -filter:retweets -filter:quote -filter:self_threads since:2025-08-01_00:00:00_UTC until:2025-08-01_23:59:59_UTC
2025-08-13 12:29:04 | [INFO    ] | root | ✅ Success: /twitter/tweet/advanced_search (attempt 1/4)
2025-08-13 12:29:06 | [INFO    ] | root | ✅ Success: /twitter/tweet/thread_context (attempt 1/4)
2025-08-13 12:29:06 | [INFO    ] | root | ✅ Success: /twitter/tweet/thread_context (attempt 1/4)
2025-08-13 12:29:07 | [INFO    ] | root | ✅ Success: /twitter/tweet/thread_context (attempt 1/4)
2025-08-13 12:29:08 | [INFO    ] | root | ✅ Success: /twitter/tweet/thread_context (attempt 1/4)
2025-08-13 12:29:09 | [INFO    ] | root | ✅ Success: /twitter/tweet/thread_context (attempt 1/4)
2025-08-13 12:29:10 | [INFO    ] | root | ✅ Success: /twitter/tweet/thread_context (attempt 1/4)
2025-08-13 12:29:11 | [INFO    ] | root | ✅ Success: /twitter/tweet/thread_context (attempt 1/4)
2025-08-13 12:29:11 | [INFO    ] | root | ✅ Success: /twitter/tweet/thread_context (attempt 1/4)
2025-08-13 12:29:12 | [INFO    ] | root | ✅ Success: /twitter/tweet/thread_context (attempt 1/4)
2025-08-13 12:29:13 | [INFO    ] | root | ✅ Success: /twitter/tweet/thread_context (attempt 1/4)
2025-08-13 12:29:14 | [INFO    ] | root | ✅ Success: /twitter/tweet/thread_context (attempt 1/4)
2025-08-13 12:29:14 | [INFO    ] | root | ✅ Success: /twitter/tweet/thread_context (attempt 1/4)
2025-08-13 12:29:15 | [INFO    ] | root | ✅ Success: /twitter/tweet/thread_context (attempt 1/4)
2025-08-13 12:29:16 | [INFO    ] | root | ✅ Success: /twitter/tweet/thread_context (attempt 1/4)
2025-08-13 12:29:17 | [INFO    ] | root | ✅ Success: /twitter/tweet/thread_context (attempt 1/4)
2025-08-13 12:29:18 | [INFO    ] | root | ✅ Success: /twitter/tweet/thread_context (attempt 1/4)
2025-08-13 12:29:19 | [INFO    ] | root | ✅ Success: /twitter/tweet/thread_context (attempt 1/4)
2025-08-13 12:29:19 | [INFO    ] | root | ✅ Success: /twitter/tweet/thread_context (attempt 1/4)
2025-08-13 12:29:20 | [INFO    ] | root | ✅ Success: /twitter/tweet/thread_context (attempt 1/4)
2025-08-13 12:29:21 | [INFO    ] | root | ✅ Success: /twitter/tweet/thread_context (attempt 1/4)
2025-08-13 12:29:22 | [INFO    ] | root | ✅ Success: /twitter/tweet/thread_context (attempt 1/4)
2025-08-13 12:29:23 | [INFO    ] | root | ✅ Success: /twitter/tweet/thread_context (attempt 1/4)
2025-08-13 12:29:24 | [INFO    ] | root | ✅ Success: /twitter/tweet/thread_context (attempt 1/4)
2025-08-13 12:29:25 | [INFO    ] | root | ✅ Success: /twitter/tweet/thread_context (attempt 1/4)
2025-08-13 12:29:26 | [INFO    ] | root | ✅ Success: /twitter/tweet/thread_context (attempt 1/4)
2025-08-13 12:29:26 | [INFO    ] | root | ✅ Success: /twitter/tweet/thread_context (attempt 1/4)
2025-08-13 12:29:28 | [INFO    ] | root | ✅ Success: /twitter/tweet/thread_context (attempt 1/4)
2025-08-13 12:29:29 | [INFO    ] | root | ✅ Success: /twitter/tweet/thread_context (attempt 1/4)
2025-08-13 12:29:30 | [INFO    ] | root | ✅ Success: /twitter/tweet/thread_context (attempt 1/4)
2025-08-13 12:29:31 | [INFO    ] | root | ✅ Success: /twitter/tweet/thread_context (attempt 1/4)
2025-08-13 12:29:31 | [INFO    ] | root | ✅ Success: /twitter/tweet/thread_context (attempt 1/4)
2025-08-13 12:29:32 | [INFO    ] | root | ✅ Success: /twitter/tweet/thread_context (attempt 1/4)
2025-08-13 12:29:33 | [INFO    ] | root | ✅ Success: /twitter/tweet/thread_context (attempt 1/4)
2025-08-13 12:29:34 | [INFO    ] | root | ✅ Success: /twitter/tweet/thread_context (attempt 1/4)
2025-08-13 12:29:35 | [INFO    ] | root | ✅ Success: /twitter/tweet/advanced_search (attempt 1/4)
2025-08-13 12:29:36 | [INFO    ] | root | ✅ Success: /twitter/tweet/thread_context (attempt 1/4)
2025-08-13 12:29:37 | [INFO    ] | root | ✅ Success: /twitter/tweet/thread_context (attempt 1/4)
2025-08-13 12:29:38 | [INFO    ] | root | ✅ Success: /twitter/tweet/thread_context (attempt 1/4)
2025-08-13 12:29:39 | [INFO    ] | root | ✅ Success: /twitter/tweet/thread_context (attempt 1/4)
2025-08-13 12:29:40 | [INFO    ] | root | ✅ Success: /twitter/tweet/thread_context (attempt 1/4)
2025-08-13 12:29:41 | [INFO    ] | root | ✅ Success: /twitter/tweet/thread_context (attempt 1/4)
2025-08-13 12:29:41 | [INFO    ] | root | ✅ Success: /twitter/tweet/thread_context (attempt 1/4)
2025-08-13 12:29:42 | [INFO    ] | root | ✅ Success: /twitter/tweet/thread_context (attempt 1/4)
2025-08-13 12:29:43 | [INFO    ] | root | ✅ Success: /twitter/tweet/thread_context (attempt 1/4)
2025-08-13 12:29:44 | [INFO    ] | root | ✅ Success: /twitter/tweet/thread_context (attempt 1/4)
2025-08-13 12:29:45 | [INFO    ] | root | ✅ Success: /twitter/tweet/thread_context (attempt 1/4)
2025-08-13 12:29:46 | [INFO    ] | root | ✅ Success: /twitter/tweet/thread_context (attempt 1/4)
2025-08-13 12:29:47 | [INFO    ] | root | ✅ Success: /twitter/tweet/thread_context (attempt 1/4)
2025-08-13 12:29:48 | [INFO    ] | root | ✅ Success: /twitter/tweet/thread_context (attempt 1/4)
2025-08-13 12:29:49 | [INFO    ] | root | ✅ Success: /twitter/tweet/thread_context (attempt 1/4)
2025-08-13 12:29:49 | [INFO    ] | root | ✅ Success: /twitter/tweet/thread_context (attempt 1/4)
2025-08-13 12:29:51 | [INFO    ] | root | ✅ Success: /twitter/tweet/thread_context (attempt 1/4)
2025-08-13 12:29:51 | [INFO    ] | root | ✅ Success: /twitter/tweet/thread_context (attempt 1/4)
2025-08-13 12:29:52 | [INFO    ] | root | ✅ Success: /twitter/tweet/thread_context (attempt 1/4)
2025-08-13 12:29:53 | [INFO    ] | root | ✅ Success: /twitter/tweet/thread_context (attempt 1/4)
2025-08-13 12:29:54 | [INFO    ] | root | ✅ Success: /twitter/tweet/thread_context (attempt 1/4)
2025-08-13 12:29:55 | [INFO    ] | root | ✅ Success: /twitter/tweet/thread_context (attempt 1/4)
2025-08-13 12:29:56 | [INFO    ] | root | ✅ Success: /twitter/tweet/thread_context (attempt 1/4)
2025-08-13 12:29:57 | [INFO    ] | root | ✅ Success: /twitter/tweet/thread_context (attempt 1/4)
2025-08-13 12:29:58 | [INFO    ] | root | ✅ Success: /twitter/tweet/thread_context (attempt 1/4)
2025-08-13 12:29:59 | [INFO    ] | root | ✅ Success: /twitter/tweet/thread_context (attempt 1/4)
2025-08-13 12:30:01 | [INFO    ] | root | ✅ Success: /twitter/tweet/thread_context (attempt 1/4)
2025-08-13 12:30:01 | [INFO    ] | root | ✅ Success: /twitter/tweet/thread_context (attempt 1/4)
2025-08-13 12:30:02 | [INFO    ] | root | ✅ Success: /twitter/tweet/thread_context (attempt 1/4)
2025-08-13 12:30:03 | [INFO    ] | root | ✅ Success: /twitter/tweet/thread_context (attempt 1/4)
2025-08-13 12:30:04 | [INFO    ] | root | ✅ Success: /twitter/tweet/thread_context (attempt 1/4)
2025-08-13 12:30:04 | [ERROR   ] | root | 🚫	HTTP 402 on /twitter/tweet/thread_context. No retry.
2025-08-13 12:30:04 | [WARNING ] | root | ⚠️	Request error on /twitter/tweet/thread_context (1/4): 402 Client Error: Payment Required for url: https://api.twitterapi.io/twitter/tweet/thread_context?tweetId=1951432721248690234&cursor=DAAFCgABGyQXDPX__7cLAAIAAABwRW1QQzZ3QUFBZlEvZ0dKTjB2R3AvQUFBQUFnYkZPR09qZHF4Z2hzVWRzc1ZHc0gyR3hUZ3dVbmFJVU1iRkhhRG14WUFOeHNVNGJpSkdpQTZHeFRnU08xYUljb2JGT0RwOVp0UnR4c1U0QnZNR3NGTggAAwAAAAIAAA. Backing off 1.0 s...
2025-08-13 12:30:06 | [ERROR   ] | root | 🚫	HTTP 402 on /twitter/tweet/thread_context. No retry.
2025-08-13 12:30:06 | [WARNING ] | root | ⚠️	Request error on /twitter/tweet/thread_context (2/4): 402 Client Error: Payment Required for url: https://api.twitterapi.io/twitter/tweet/thread_context?tweetId=1951432721248690234&cursor=DAAFCgABGyQXDPX__7cLAAIAAABwRW1QQzZ3QUFBZlEvZ0dKTjB2R3AvQUFBQUFnYkZPR09qZHF4Z2hzVWRzc1ZHc0gyR3hUZ3dVbmFJVU1iRkhhRG14WUFOeHNVNGJpSkdpQTZHeFRnU08xYUljb2JGT0RwOVp0UnR4c1U0QnZNR3NGTggAAwAAAAIAAA. Backing off 2.0 s...
2025-08-13 12:30:08 | [ERROR   ] | root | 🚫	HTTP 402 on /twitter/tweet/thread_context. No retry.
2025-08-13 12:30:08 | [WARNING ] | root | ⚠️	Request error on /twitter/tweet/thread_context (3/4): 402 Client Error: Payment Required for url: https://api.twitterapi.io/twitter/tweet/thread_context?tweetId=1951432721248690234&cursor=DAAFCgABGyQXDPX__7cLAAIAAABwRW1QQzZ3QUFBZlEvZ0dKTjB2R3AvQUFBQUFnYkZPR09qZHF4Z2hzVWRzc1ZHc0gyR3hUZ3dVbmFJVU1iRkhhRG14WUFOeHNVNGJpSkdpQTZHeFRnU08xYUljb2JGT0RwOVp0UnR4c1U0QnZNR3NGTggAAwAAAAIAAA. Backing off 4.0 s...
2025-08-13 12:30:12 | [ERROR   ] | root | 🚫	HTTP 402 on /twitter/tweet/thread_context. No retry.
2025-08-13 12:30:12 | [WARNING ] | root | ⚠️	Request error on /twitter/tweet/thread_context (4/4): 402 Client Error: Payment Required for url: https://api.twitterapi.io/twitter/tweet/thread_context?tweetId=1951432721248690234&cursor=DAAFCgABGyQXDPX__7cLAAIAAABwRW1QQzZ3QUFBZlEvZ0dKTjB2R3AvQUFBQUFnYkZPR09qZHF4Z2hzVWRzc1ZHc0gyR3hUZ3dVbmFJVU1iRkhhRG14WUFOeHNVNGJpSkdpQTZHeFRnU08xYUljb2JGT0RwOVp0UnR4c1U0QnZNR3NGTggAAwAAAAIAAA. Backing off 8.0 s...
2025-08-13 12:30:20 | [ERROR   ] | root | 🚫	Failed after 4 attempts on /twitter/tweet/thread_context
2025-08-13 12:30:20 | [ERROR   ] | root | Dumping partial DB to JSON due to error: 402 Client Error: Payment Required for url: https://api.twitterapi.io/twitter/tweet/thread_context?tweetId=1951432721248690234&cursor=DAAFCgABGyQXDPX__7cLAAIAAABwRW1QQzZ3QUFBZlEvZ0dKTjB2R3AvQUFBQUFnYkZPR09qZHF4Z2hzVWRzc1ZHc0gyR3hUZ3dVbmFJVU1iRkhhRG14WUFOeHNVNGJpSkdpQTZHeFRnU08xYUljb2JGT0RwOVp0UnR4c1U0QnZNR3NGTggAAwAAAAIAAA
2025-08-13 12:30:20 | [INFO    ] | root | Exported 33 conversation(s): grok_data/data.json (updated: 33, last_ts=1754156388)
2025-08-13 12:30:20 | [INFO    ] | root | 💾 Partial dump complete: grok_data/data.json
2025-08-13 12:30:20 | [INFO    ] | root | Done.
